<?xml version="1.0" encoding="UTF-8"?>
<!-- Generated by org.testng.reporters.JUnitXMLReporter -->
<testsuite ignored="0" hostname="DESKTOP-4VT63TV" failures="0" tests="4" name="Default test" time="0.088" errors="0" timestamp="26 Aug 2025 05:02:31 GMT">
  <testcase classname="Tests.SampleTest" name="test1" time="0.013"/>
  <testcase classname="Tests.SampleTest" name="test1" time="0.002"/>
  <testcase classname="Tests.SampleTest" name="test3" time="0.003"/>
  <testcase classname="Tests.SampleTest" name="test2" time="0.004"/>
</testsuite> <!-- Default test -->
